-----------------------------------------------------
Fri Oct 16 22:30:56 EDT 2015 -- automatic deployment from jenkins started.
Fri Oct 16 22:30:56 EDT 2015 -- pyc files has benn removed from built project.
Fri Oct 16 22:30:56 EDT 2015 -- backup file /var/www/anagrams_2015-10-16_22-30-55.tar.gz created.
-----------------------------------------------------
Fri Oct 16 22:35:38 EDT 2015 -- automatic deployment from jenkins started.
Fri Oct 16 22:35:38 EDT 2015 -- pyc files has benn removed from built project.
Fri Oct 16 22:35:38 EDT 2015 -- backup file /var/www/anagrams_2015-10-16_22-35-38.tar.gz created.
-----------------------------------------------------
Fri Oct 16 22:37:27 EDT 2015 -- automatic deployment from jenkins started.
Fri Oct 16 22:37:27 EDT 2015 -- pyc files has benn removed from built project.
Fri Oct 16 22:37:28 EDT 2015 -- backup file /var/www/anagrams_2015-10-16_22-37-27.tar.gz created.
-----------------------------------------------------
Fri Oct 16 22:38:52 EDT 2015 -- automatic deployment from jenkins started.
Fri Oct 16 22:38:52 EDT 2015 -- pyc files has benn removed from built project.
Fri Oct 16 22:38:52 EDT 2015 -- backup file /var/www/anagrams_2015-10-16_22-38-52.tar.gz created.
-----------------------------------------------------
Fri Oct 16 22:39:37 EDT 2015 -- automatic deployment from jenkins started.
Fri Oct 16 22:39:37 EDT 2015 -- pyc files has benn removed from built project.
Fri Oct 16 22:39:38 EDT 2015 -- backup file /var/www/anagrams_2015-10-16_22-39-37.tar.gz created.
Fri Oct 16 22:39:38 EDT 2015 -- /var/www/anagrams/ folder has been cleared.
Fri Oct 16 22:39:38 EDT 2015 -- /var/www/anagrams/ populated with new files.
-----------------------------------------------------
Fri Oct 16 22:39:44 EDT 2015 -- automatic deployment from jenkins started.
Fri Oct 16 22:39:44 EDT 2015 -- pyc files has benn removed from built project.
Fri Oct 16 22:39:44 EDT 2015 -- backup file /var/www/anagrams_2015-10-16_22-39-44.tar.gz created.
Fri Oct 16 22:39:44 EDT 2015 -- /var/www/anagrams/ folder has been cleared.
Fri Oct 16 22:39:44 EDT 2015 -- /var/www/anagrams/ populated with new files.
-----------------------------------------------------
Fri Oct 16 22:41:20 EDT 2015 -- automatic deployment from jenkins started.
Fri Oct 16 22:41:20 EDT 2015 -- pyc files has benn removed from built project.
Fri Oct 16 22:41:21 EDT 2015 -- backup file /var/www/anagrams_2015-10-16_22-41-20.tar.gz created.
-----------------------------------------------------
Fri Oct 16 22:42:17 EDT 2015 -- automatic deployment from jenkins started.
Fri Oct 16 22:42:17 EDT 2015 -- pyc files has benn removed from built project.
Fri Oct 16 22:42:18 EDT 2015 -- backup file /var/www/anagrams_2015-10-16_22-42-17.tar.gz created.
Fri Oct 16 22:42:18 EDT 2015 -- /var/www/anagrams/ folder has been cleared.
Fri Oct 16 22:42:18 EDT 2015 -- /var/www/anagrams/ populated with new files.
-----------------------------------------------------
Fri Oct 16 22:42:23 EDT 2015 -- automatic deployment from jenkins started.
Fri Oct 16 22:42:23 EDT 2015 -- pyc files has benn removed from built project.
Fri Oct 16 22:42:23 EDT 2015 -- backup file /var/www/anagrams_2015-10-16_22-42-23.tar.gz created.
Fri Oct 16 22:42:24 EDT 2015 -- /var/www/anagrams/ folder has been cleared.
Fri Oct 16 22:42:24 EDT 2015 -- /var/www/anagrams/ populated with new files.
-----------------------------------------------------
Fri Oct 16 23:14:27 EDT 2015 -- automatic deployment from jenkins started.
Fri Oct 16 23:14:27 EDT 2015 -- pyc files has benn removed from built project.
Fri Oct 16 23:14:28 EDT 2015 -- backup file /var/www/anagrams_backup/anagrams_2015-10-16_23-14-27.tar.gz created.
-----------------------------------------------------
Fri Oct 16 23:14:42 EDT 2015 -- automatic deployment from jenkins started.
Fri Oct 16 23:14:42 EDT 2015 -- pyc files has benn removed from built project.
Fri Oct 16 23:14:42 EDT 2015 -- backup file /var/www/anagrams_backup/anagrams_2015-10-16_23-14-42.tar.gz created.
